1517139955380	geckodriver	INFO	geckodriver 0.19.1
1517139955383	geckodriver	INFO	Listening on 127.0.0.1:40185
1517139956503	mozrunner::runner	INFO	Running command: "/usr/bin/firefox" "-marionette" "-profile" "/tmp/rust_mozprofile.eD46Ue88gaHX"
1517139957215	Marionette	INFO	Enabled via --marionette
1517139959806	Marionette	INFO	Listening on port 42499
1517139959823	Marionette	WARN	TLS certificate errors will be ignored for this session
1517139961381	addons.xpi	WARN	Exception running bootstrap method shutdown on activity-stream@mozilla.org: [Exception... "Component returned failure code: 0x80004005 (NS_ERROR_FAILURE) [nsIObserverService.removeObserver]"  nsresult: "0x80004005 (NS_ERROR_FAILURE)"  location: "JS frame :: resource://activity-stream/lib/SnippetsFeed.jsm :: uninit :: line 125"  data: no] Stack trace: uninit()@resource://activity-stream/lib/SnippetsFeed.jsm:125 < onAction()@resource://activity-stream/lib/SnippetsFeed.jsm:141 < _middleware/</<()@resource://activity-stream/lib/Store.jsm:51 < Store/this[method]()@resource://activity-stream/lib/Store.jsm:30 < uninit()@resource://activity-stream/lib/Store.jsm:153 < uninit()@resource://activity-stream/lib/ActivityStream.jsm:278 < uninit()@resource://gre/modules/addons/XPIProvider.jsm -> jar:file:///usr/lib/firefox/browser/features/activity-stream@mozilla.org.xpi!/bootstrap.js:80 < shutdown()@resource://gre/modules/addons/XPIProvider.jsm -> jar:file:///usr/lib/firefox/browser/features/activity-stream@mozilla.org.xpi!/bootstrap.js:196 < callBootstrapMethod()@resource://gre/modules/addons/XPIProvider.jsm:4406 < observe()@resource://gre/modules/addons/XPIProvider.jsm:2270
JavaScript error: resource://shield-recipe-client/lib/ShieldRecipeClient.jsm, line 70: TypeError: log is undefined
*** UTM:SVC TimerManager:registerTimer called after profile-before-change notification. Ignoring timer registration for id: telemetry_modules_ping
1517155119517	geckodriver	INFO	geckodriver 0.19.1
1517155119519	geckodriver	INFO	Listening on 127.0.0.1:52511
1517155120637	mozrunner::runner	INFO	Running command: "/usr/bin/firefox" "-marionette" "-profile" "/tmp/rust_mozprofile.fvfcIg4z2i0S"
1517155121246	Marionette	INFO	Enabled via --marionette
1517155124127	Marionette	INFO	Listening on port 44803
1517155124166	Marionette	WARN	TLS certificate errors will be ignored for this session
1517155286531	geckodriver	INFO	geckodriver 0.19.1
1517155286534	geckodriver	INFO	Listening on 127.0.0.1:43283
1517155287657	mozrunner::runner	INFO	Running command: "/usr/bin/firefox" "-marionette" "-profile" "/tmp/rust_mozprofile.3RLFqGi8DQqe"
1517155288368	Marionette	INFO	Enabled via --marionette
1517155290595	Marionette	INFO	Listening on port 37831
1517155290673	Marionette	WARN	TLS certificate errors will be ignored for this session
1517155290869	addons.xpi	WARN	Exception running bootstrap method shutdown on activity-stream@mozilla.org: [Exception... "Component returned failure code: 0x80004005 (NS_ERROR_FAILURE) [nsIObserverService.removeObserver]"  nsresult: "0x80004005 (NS_ERROR_FAILURE)"  location: "JS frame :: resource://activity-stream/lib/SnippetsFeed.jsm :: uninit :: line 125"  data: no] Stack trace: uninit()@resource://activity-stream/lib/SnippetsFeed.jsm:125 < onAction()@resource://activity-stream/lib/SnippetsFeed.jsm:141 < _middleware/</<()@resource://activity-stream/lib/Store.jsm:51 < Store/this[method]()@resource://activity-stream/lib/Store.jsm:30 < uninit()@resource://activity-stream/lib/Store.jsm:153 < uninit()@resource://activity-stream/lib/ActivityStream.jsm:278 < uninit()@resource://gre/modules/addons/XPIProvider.jsm -> jar:file:///usr/lib/firefox/browser/features/activity-stream@mozilla.org.xpi!/bootstrap.js:80 < shutdown()@resource://gre/modules/addons/XPIProvider.jsm -> jar:file:///usr/lib/firefox/browser/features/activity-stream@mozilla.org.xpi!/bootstrap.js:196 < callBootstrapMethod()@resource://gre/modules/addons/XPIProvider.jsm:4406 < observe()@resource://gre/modules/addons/XPIProvider.jsm:2270 < GeckoDriver.prototype.quit()@driver.js:3381 < despatch()@server.js:560 < execute()@server.js:534 < onPacket/<()@server.js:509 < onPacket()@server.js:508 < _onJSONObjectReady/<()@transport.js:500
[Child 31084, Chrome_ChildThread] WARNING: pipe error (23): Connection reset by peer: file /build/firefox-iXzMln/firefox-58.0+build6/ipc/chromium/src/chrome/common/ipc_channel_posix.cc, line 353
[Child 31084, Chrome_ChildThread] WARNING: pipe error (3): Connection reset by peer: file /build/firefox-iXzMln/firefox-58.0+build6/ipc/chromium/src/chrome/common/ipc_channel_posix.cc, line 353
1517155346844	geckodriver	INFO	geckodriver 0.19.1
1517155346847	geckodriver	INFO	Listening on 127.0.0.1:46673
1517155348019	mozrunner::runner	INFO	Running command: "/usr/bin/firefox" "-marionette" "-profile" "/tmp/rust_mozprofile.xCirHSnOh3s5"
1517155348723	Marionette	INFO	Enabled via --marionette
1517155351569	Marionette	INFO	Listening on port 40755
1517155351633	Marionette	WARN	TLS certificate errors will be ignored for this session
1517155351824	addons.xpi	WARN	Exception running bootstrap method shutdown on activity-stream@mozilla.org: [Exception... "Component returned failure code: 0x80004005 (NS_ERROR_FAILURE) [nsIObserverService.removeObserver]"  nsresult: "0x80004005 (NS_ERROR_FAILURE)"  location: "JS frame :: resource://activity-stream/lib/SnippetsFeed.jsm :: uninit :: line 125"  data: no] Stack trace: uninit()@resource://activity-stream/lib/SnippetsFeed.jsm:125 < onAction()@resource://activity-stream/lib/SnippetsFeed.jsm:141 < _middleware/</<()@resource://activity-stream/lib/Store.jsm:51 < Store/this[method]()@resource://activity-stream/lib/Store.jsm:30 < uninit()@resource://activity-stream/lib/Store.jsm:153 < uninit()@resource://activity-stream/lib/ActivityStream.jsm:278 < uninit()@resource://gre/modules/addons/XPIProvider.jsm -> jar:file:///usr/lib/firefox/browser/features/activity-stream@mozilla.org.xpi!/bootstrap.js:80 < shutdown()@resource://gre/modules/addons/XPIProvider.jsm -> jar:file:///usr/lib/firefox/browser/features/activity-stream@mozilla.org.xpi!/bootstrap.js:196 < callBootstrapMethod()@resource://gre/modules/addons/XPIProvider.jsm:4406 < observe()@resource://gre/modules/addons/XPIProvider.jsm:2270 < GeckoDriver.prototype.quit()@driver.js:3381 < despatch()@server.js:560 < execute()@server.js:534 < onPacket/<()@server.js:509 < onPacket()@server.js:508 < _onJSONObjectReady/<()@transport.js:500
[Child 31296, Chrome_ChildThread] WARNING: pipe error (22): Connection reset by peer: file /build/firefox-iXzMln/firefox-58.0+build6/ipc/chromium/src/chrome/common/ipc_channel_posix.cc, line 353
[Child 31296, Chrome_ChildThread] WARNING: pipe error (35): Connection reset by peer: file /build/firefox-iXzMln/firefox-58.0+build6/ipc/chromium/src/chrome/common/ipc_channel_posix.cc, line 353
[Child 31296, Chrome_ChildThread] WARNING: pipe error (3): Connection reset by peer: file /build/firefox-iXzMln/firefox-58.0+build6/ipc/chromium/src/chrome/common/ipc_channel_posix.cc, line 353
1517155429532	geckodriver	INFO	geckodriver 0.19.1
1517155429534	geckodriver	INFO	Listening on 127.0.0.1:38441
1517155430627	mozrunner::runner	INFO	Running command: "/usr/bin/firefox" "-marionette" "-profile" "/tmp/rust_mozprofile.156cSr9i4oWk"
1517155431311	Marionette	INFO	Enabled via --marionette
1517155433810	Marionette	INFO	Listening on port 45441
1517155433839	Marionette	WARN	TLS certificate errors will be ignored for this session
1517155434050	addons.xpi	WARN	Exception running bootstrap method shutdown on activity-stream@mozilla.org: [Exception... "Component returned failure code: 0x80004005 (NS_ERROR_FAILURE) [nsIObserverService.removeObserver]"  nsresult: "0x80004005 (NS_ERROR_FAILURE)"  location: "JS frame :: resource://activity-stream/lib/SnippetsFeed.jsm :: uninit :: line 125"  data: no] Stack trace: uninit()@resource://activity-stream/lib/SnippetsFeed.jsm:125 < onAction()@resource://activity-stream/lib/SnippetsFeed.jsm:141 < _middleware/</<()@resource://activity-stream/lib/Store.jsm:51 < Store/this[method]()@resource://activity-stream/lib/Store.jsm:30 < uninit()@resource://activity-stream/lib/Store.jsm:153 < uninit()@resource://activity-stream/lib/ActivityStream.jsm:278 < uninit()@resource://gre/modules/addons/XPIProvider.jsm -> jar:file:///usr/lib/firefox/browser/features/activity-stream@mozilla.org.xpi!/bootstrap.js:80 < shutdown()@resource://gre/modules/addons/XPIProvider.jsm -> jar:file:///usr/lib/firefox/browser/features/activity-stream@mozilla.org.xpi!/bootstrap.js:196 < callBootstrapMethod()@resource://gre/modules/addons/XPIProvider.jsm:4406 < observe()@resource://gre/modules/addons/XPIProvider.jsm:2270 < GeckoDriver.prototype.quit()@driver.js:3381 < despatch()@server.js:560 < execute()@server.js:534 < onPacket/<()@server.js:509 < onPacket()@server.js:508 < _onJSONObjectReady/<()@transport.js:500
[Child 31551, Chrome_ChildThread] WARNING: pipe error (19): Connection reset by peer: file /build/firefox-iXzMln/firefox-58.0+build6/ipc/chromium/src/chrome/common/ipc_channel_posix.cc, line 353
[Child 31551, Chrome_ChildThread] WARNING: pipe error (3): Connection reset by peer: file /build/firefox-iXzMln/firefox-58.0+build6/ipc/chromium/src/chrome/common/ipc_channel_posix.cc, line 353
1517155454910	geckodriver	INFO	geckodriver 0.19.1
1517155454913	geckodriver	INFO	Listening on 127.0.0.1:34907
1517155456045	mozrunner::runner	INFO	Running command: "/usr/bin/firefox" "-marionette" "-profile" "/tmp/rust_mozprofile.RM4MTQhTGDdn"
1517155456745	Marionette	INFO	Enabled via --marionette
1517155459237	Marionette	INFO	Listening on port 34121
1517155459431	Marionette	WARN	TLS certificate errors will be ignored for this session
1517155459651	addons.xpi	WARN	Exception running bootstrap method shutdown on activity-stream@mozilla.org: [Exception... "Component returned failure code: 0x80004005 (NS_ERROR_FAILURE) [nsIObserverService.removeObserver]"  nsresult: "0x80004005 (NS_ERROR_FAILURE)"  location: "JS frame :: resource://activity-stream/lib/SnippetsFeed.jsm :: uninit :: line 125"  data: no] Stack trace: uninit()@resource://activity-stream/lib/SnippetsFeed.jsm:125 < onAction()@resource://activity-stream/lib/SnippetsFeed.jsm:141 < _middleware/</<()@resource://activity-stream/lib/Store.jsm:51 < Store/this[method]()@resource://activity-stream/lib/Store.jsm:30 < uninit()@resource://activity-stream/lib/Store.jsm:153 < uninit()@resource://activity-stream/lib/ActivityStream.jsm:278 < uninit()@resource://gre/modules/addons/XPIProvider.jsm -> jar:file:///usr/lib/firefox/browser/features/activity-stream@mozilla.org.xpi!/bootstrap.js:80 < shutdown()@resource://gre/modules/addons/XPIProvider.jsm -> jar:file:///usr/lib/firefox/browser/features/activity-stream@mozilla.org.xpi!/bootstrap.js:196 < callBootstrapMethod()@resource://gre/modules/addons/XPIProvider.jsm:4406 < observe()@resource://gre/modules/addons/XPIProvider.jsm:2270 < GeckoDriver.prototype.quit()@driver.js:3381 < despatch()@server.js:560 < execute()@server.js:534 < onPacket/<()@server.js:509 < onPacket()@server.js:508 < _onJSONObjectReady/<()@transport.js:500
1517173372047	geckodriver	INFO	geckodriver 0.19.1
1517173372525	geckodriver	INFO	Listening on 127.0.0.1:47791
1517173375938	mozrunner::runner	INFO	Running command: "/usr/bin/firefox" "-marionette" "-profile" "/tmp/rust_mozprofile.eXoc4fNgynYh"
1517173381866	Marionette	INFO	Enabled via --marionette
1517173383766	geckodriver	INFO	geckodriver 0.19.1
1517173383768	geckodriver	INFO	Listening on 127.0.0.1:35875
1517173384895	mozrunner::runner	INFO	Running command: "/usr/bin/firefox" "-marionette" "-profile" "/tmp/rust_mozprofile.OFEMHd5neDZX"
1517173386698	Marionette	INFO	Enabled via --marionette
1517173393948	Marionette	INFO	Listening on port 33411
1517173394063	Marionette	WARN	TLS certificate errors will be ignored for this session
1517173394887	addons.xpi	WARN	Exception running bootstrap method shutdown on activity-stream@mozilla.org: [Exception... "Component returned failure code: 0x80004005 (NS_ERROR_FAILURE) [nsIObserverService.removeObserver]"  nsresult: "0x80004005 (NS_ERROR_FAILURE)"  location: "JS frame :: resource://activity-stream/lib/SnippetsFeed.jsm :: uninit :: line 125"  data: no] Stack trace: uninit()@resource://activity-stream/lib/SnippetsFeed.jsm:125 < onAction()@resource://activity-stream/lib/SnippetsFeed.jsm:141 < _middleware/</<()@resource://activity-stream/lib/Store.jsm:51 < Store/this[method]()@resource://activity-stream/lib/Store.jsm:30 < uninit()@resource://activity-stream/lib/Store.jsm:153 < uninit()@resource://activity-stream/lib/ActivityStream.jsm:278 < uninit()@resource://gre/modules/addons/XPIProvider.jsm -> jar:file:///usr/lib/firefox/browser/features/activity-stream@mozilla.org.xpi!/bootstrap.js:80 < shutdown()@resource://gre/modules/addons/XPIProvider.jsm -> jar:file:///usr/lib/firefox/browser/features/activity-stream@mozilla.org.xpi!/bootstrap.js:196 < callBootstrapMethod()@resource://gre/modules/addons/XPIProvider.jsm:4406 < observe()@resource://gre/modules/addons/XPIProvider.jsm:2270 < GeckoDriver.prototype.quit()@driver.js:3381 < despatch()@server.js:560 < execute()@server.js:534 < onPacket/<()@server.js:509 < onPacket()@server.js:508 < _onJSONObjectReady/<()@transport.js:500
[Child 3835, Chrome_ChildThread] WARNING: pipe error (3): Connection reset by peer: file /build/firefox-iXzMln/firefox-58.0+build6/ipc/chromium/src/chrome/common/ipc_channel_posix.cc, line 353
[Child 3779, Chrome_ChildThread] WARNING: pipe error (3): Connection reset by peer: file /build/firefox-iXzMln/firefox-58.0+build6/ipc/chromium/src/chrome/common/ipc_channel_posix.cc, line 353
1517173403862	geckodriver	INFO	geckodriver 0.19.1
1517173403865	geckodriver	INFO	Listening on 127.0.0.1:44073
1517173404996	mozrunner::runner	INFO	Running command: "/usr/bin/firefox" "-marionette" "-profile" "/tmp/rust_mozprofile.6GrofInlA7ns"
1517173405994	Marionette	INFO	Enabled via --marionette
1517173410676	Marionette	INFO	Listening on port 34543
1517173410727	Marionette	WARN	TLS certificate errors will be ignored for this session
1517173410958	addons.xpi	WARN	Exception running bootstrap method shutdown on activity-stream@mozilla.org: [Exception... "Component returned failure code: 0x80004005 (NS_ERROR_FAILURE) [nsIObserverService.removeObserver]"  nsresult: "0x80004005 (NS_ERROR_FAILURE)"  location: "JS frame :: resource://activity-stream/lib/SnippetsFeed.jsm :: uninit :: line 125"  data: no] Stack trace: uninit()@resource://activity-stream/lib/SnippetsFeed.jsm:125 < onAction()@resource://activity-stream/lib/SnippetsFeed.jsm:141 < _middleware/</<()@resource://activity-stream/lib/Store.jsm:51 < Store/this[method]()@resource://activity-stream/lib/Store.jsm:30 < uninit()@resource://activity-stream/lib/Store.jsm:153 < uninit()@resource://activity-stream/lib/ActivityStream.jsm:278 < uninit()@resource://gre/modules/addons/XPIProvider.jsm -> jar:file:///usr/lib/firefox/browser/features/activity-stream@mozilla.org.xpi!/bootstrap.js:80 < shutdown()@resource://gre/modules/addons/XPIProvider.jsm -> jar:file:///usr/lib/firefox/browser/features/activity-stream@mozilla.org.xpi!/bootstrap.js:196 < callBootstrapMethod()@resource://gre/modules/addons/XPIProvider.jsm:4406 < observe()@resource://gre/modules/addons/XPIProvider.jsm:2270 < GeckoDriver.prototype.quit()@driver.js:3381 < despatch()@server.js:560 < execute()@server.js:534 < onPacket/<()@server.js:509 < onPacket()@server.js:508 < _onJSONObjectReady/<()@transport.js:500
[Child 3974, Chrome_ChildThread] WARNING: pipe error (23): Connection reset by peer: file /build/firefox-iXzMln/firefox-58.0+build6/ipc/chromium/src/chrome/common/ipc_channel_posix.cc, line 353
1517304929230	geckodriver	INFO	geckodriver 0.19.1
1517304929245	geckodriver	INFO	Listening on 127.0.0.1:59727
1517304930446	mozrunner::runner	INFO	Running command: "/usr/bin/firefox" "-marionette" "-profile" "/tmp/rust_mozprofile.ex1FI9WUJw7E"
1517304934437	Marionette	INFO	Enabled via --marionette
1517304940420	Marionette	INFO	Listening on port 34123
1517304940511	Marionette	WARN	TLS certificate errors will be ignored for this session
1517304941002	addons.xpi	WARN	Exception running bootstrap method shutdown on activity-stream@mozilla.org: [Exception... "Component returned failure code: 0x80004005 (NS_ERROR_FAILURE) [nsIObserverService.removeObserver]"  nsresult: "0x80004005 (NS_ERROR_FAILURE)"  location: "JS frame :: resource://activity-stream/lib/SnippetsFeed.jsm :: uninit :: line 125"  data: no] Stack trace: uninit()@resource://activity-stream/lib/SnippetsFeed.jsm:125 < onAction()@resource://activity-stream/lib/SnippetsFeed.jsm:141 < _middleware/</<()@resource://activity-stream/lib/Store.jsm:51 < Store/this[method]()@resource://activity-stream/lib/Store.jsm:30 < uninit()@resource://activity-stream/lib/Store.jsm:153 < uninit()@resource://activity-stream/lib/ActivityStream.jsm:278 < uninit()@resource://gre/modules/addons/XPIProvider.jsm -> jar:file:///usr/lib/firefox/browser/features/activity-stream@mozilla.org.xpi!/bootstrap.js:80 < shutdown()@resource://gre/modules/addons/XPIProvider.jsm -> jar:file:///usr/lib/firefox/browser/features/activity-stream@mozilla.org.xpi!/bootstrap.js:196 < callBootstrapMethod()@resource://gre/modules/addons/XPIProvider.jsm:4406 < observe()@resource://gre/modules/addons/XPIProvider.jsm:2270 < GeckoDriver.prototype.quit()@driver.js:3381 < despatch()@server.js:560 < execute()@server.js:534 < onPacket/<()@server.js:509 < onPacket()@server.js:508 < _onJSONObjectReady/<()@transport.js:500
[GFX1-]: Receive IPC close with reason=AbnormalShutdown
[Child 5433, Chrome_ChildThread] WARNING: pipe error (3): Connection reset by peer: file /build/firefox-iXzMln/firefox-58.0+build6/ipc/chromium/src/chrome/common/ipc_channel_posix.cc, line 353
1517305584921	geckodriver	INFO	geckodriver 0.19.1
1517305584923	geckodriver	INFO	Listening on 127.0.0.1:51675
1517305586002	mozrunner::runner	INFO	Running command: "/usr/bin/firefox" "-marionette" "-profile" "/tmp/rust_mozprofile.R7U78smgZkzt"
1517305587616	Marionette	INFO	Enabled via --marionette
1517305591077	Marionette	INFO	Listening on port 43793
1517305591121	Marionette	WARN	TLS certificate errors will be ignored for this session
1517305591260	addons.xpi	WARN	Exception running bootstrap method shutdown on activity-stream@mozilla.org: [Exception... "Component returned failure code: 0x80004005 (NS_ERROR_FAILURE) [nsIObserverService.removeObserver]"  nsresult: "0x80004005 (NS_ERROR_FAILURE)"  location: "JS frame :: resource://activity-stream/lib/SnippetsFeed.jsm :: uninit :: line 125"  data: no] Stack trace: uninit()@resource://activity-stream/lib/SnippetsFeed.jsm:125 < onAction()@resource://activity-stream/lib/SnippetsFeed.jsm:141 < _middleware/</<()@resource://activity-stream/lib/Store.jsm:51 < Store/this[method]()@resource://activity-stream/lib/Store.jsm:30 < uninit()@resource://activity-stream/lib/Store.jsm:153 < uninit()@resource://activity-stream/lib/ActivityStream.jsm:278 < uninit()@resource://gre/modules/addons/XPIProvider.jsm -> jar:file:///usr/lib/firefox/browser/features/activity-stream@mozilla.org.xpi!/bootstrap.js:80 < shutdown()@resource://gre/modules/addons/XPIProvider.jsm -> jar:file:///usr/lib/firefox/browser/features/activity-stream@mozilla.org.xpi!/bootstrap.js:196 < callBootstrapMethod()@resource://gre/modules/addons/XPIProvider.jsm:4406 < observe()@resource://gre/modules/addons/XPIProvider.jsm:2270 < GeckoDriver.prototype.quit()@driver.js:3381 < despatch()@server.js:560 < execute()@server.js:534 < onPacket/<()@server.js:509 < onPacket()@server.js:508 < _onJSONObjectReady/<()@transport.js:500
1517306988423	geckodriver	INFO	geckodriver 0.19.1
1517306988426	geckodriver	INFO	Listening on 127.0.0.1:38281
1517306989510	mozrunner::runner	INFO	Running command: "/usr/bin/firefox" "-marionette" "-profile" "/tmp/rust_mozprofile.JnDZLkMSkFOo"
1517306990640	Marionette	INFO	Enabled via --marionette
1517306992802	Marionette	INFO	Listening on port 39043
1517306992829	Marionette	WARN	TLS certificate errors will be ignored for this session
[Child 6583, Chrome_ChildThread] WARNING: pipe error (23): Connection reset by peer: file /build/firefox-iXzMln/firefox-58.0+build6/ipc/chromium/src/chrome/common/ipc_channel_posix.cc, line 353
[Child 6583, Chrome_ChildThread] WARNING: pipe error (3): Connection reset by peer: file /build/firefox-iXzMln/firefox-58.0+build6/ipc/chromium/src/chrome/common/ipc_channel_posix.cc, line 353
1517391120535	geckodriver	INFO	geckodriver 0.19.1
1517391120561	geckodriver	INFO	Listening on 127.0.0.1:45461
1517391120895	mozrunner::runner	INFO	Running command: "/usr/bin/firefox" "-marionette" "-profile" "/tmp/rust_mozprofile.VYcFMQpJVMKc"
1517391124549	Marionette	INFO	Enabled via --marionette
1517391131106	Marionette	INFO	Listening on port 39655
1517391131212	Marionette	WARN	TLS certificate errors will be ignored for this session
1517391132739	addons.xpi	WARN	Exception running bootstrap method shutdown on activity-stream@mozilla.org: [Exception... "Component returned failure code: 0x80004005 (NS_ERROR_FAILURE) [nsIObserverService.removeObserver]"  nsresult: "0x80004005 (NS_ERROR_FAILURE)"  location: "JS frame :: resource://activity-stream/lib/SnippetsFeed.jsm :: uninit :: line 125"  data: no] Stack trace: uninit()@resource://activity-stream/lib/SnippetsFeed.jsm:125 < onAction()@resource://activity-stream/lib/SnippetsFeed.jsm:141 < _middleware/</<()@resource://activity-stream/lib/Store.jsm:51 < Store/this[method]()@resource://activity-stream/lib/Store.jsm:30 < uninit()@resource://activity-stream/lib/Store.jsm:153 < uninit()@resource://activity-stream/lib/ActivityStream.jsm:278 < uninit()@resource://gre/modules/addons/XPIProvider.jsm -> jar:file:///usr/lib/firefox/browser/features/activity-stream@mozilla.org.xpi!/bootstrap.js:80 < shutdown()@resource://gre/modules/addons/XPIProvider.jsm -> jar:file:///usr/lib/firefox/browser/features/activity-stream@mozilla.org.xpi!/bootstrap.js:196 < callBootstrapMethod()@resource://gre/modules/addons/XPIProvider.jsm:4406 < observe()@resource://gre/modules/addons/XPIProvider.jsm:2270 < GeckoDriver.prototype.quit()@driver.js:3381 < despatch()@server.js:560 < execute()@server.js:534 < onPacket/<()@server.js:509 < onPacket()@server.js:508 < _onJSONObjectReady/<()@transport.js:500
[Child 4670, Chrome_ChildThread] WARNING: pipe error (19): Connection reset by peer: file /build/firefox-iXzMln/firefox-58.0+build6/ipc/chromium/src/chrome/common/ipc_channel_posix.cc, line 353
1517391201505	geckodriver	INFO	geckodriver 0.19.1
1517391201508	geckodriver	INFO	Listening on 127.0.0.1:34521
1517391202591	mozrunner::runner	INFO	Running command: "/usr/bin/firefox" "-marionette" "-profile" "/tmp/rust_mozprofile.zIMtNofqLvJT"
1517391203238	Marionette	INFO	Enabled via --marionette
1517391205801	Marionette	INFO	Listening on port 46561
1517391205818	Marionette	WARN	TLS certificate errors will be ignored for this session
1517393175061	geckodriver	INFO	geckodriver 0.19.1
1517393175063	geckodriver	INFO	Listening on 127.0.0.1:42413
1517393176146	mozrunner::runner	INFO	Running command: "/usr/bin/firefox" "-marionette" "-profile" "/tmp/rust_mozprofile.1Yst3jQvfK3g"
1517393176722	Marionette	INFO	Enabled via --marionette
1517393179394	Marionette	INFO	Listening on port 45683
1517393179461	Marionette	WARN	TLS certificate errors will be ignored for this session
[Child 6530, Chrome_ChildThread] WARNING: pipe error (3): Connection reset by peer: file /build/firefox-iXzMln/firefox-58.0+build6/ipc/chromium/src/chrome/common/ipc_channel_posix.cc, line 353
1517393380510	geckodriver	INFO	geckodriver 0.19.1
1517393380512	geckodriver	INFO	Listening on 127.0.0.1:55507
1517393381595	mozrunner::runner	INFO	Running command: "/usr/bin/firefox" "-marionette" "-profile" "/tmp/rust_mozprofile.7olFgv2v4vf4"
1517393382332	Marionette	INFO	Enabled via --marionette
1517393385001	Marionette	INFO	Listening on port 40921
1517393385019	Marionette	WARN	TLS certificate errors will be ignored for this session
1517393385224	addons.xpi	WARN	Exception running bootstrap method shutdown on activity-stream@mozilla.org: [Exception... "Component returned failure code: 0x80004005 (NS_ERROR_FAILURE) [nsIObserverService.removeObserver]"  nsresult: "0x80004005 (NS_ERROR_FAILURE)"  location: "JS frame :: resource://activity-stream/lib/SnippetsFeed.jsm :: uninit :: line 125"  data: no] Stack trace: uninit()@resource://activity-stream/lib/SnippetsFeed.jsm:125 < onAction()@resource://activity-stream/lib/SnippetsFeed.jsm:141 < _middleware/</<()@resource://activity-stream/lib/Store.jsm:51 < Store/this[method]()@resource://activity-stream/lib/Store.jsm:30 < uninit()@resource://activity-stream/lib/Store.jsm:153 < uninit()@resource://activity-stream/lib/ActivityStream.jsm:278 < uninit()@resource://gre/modules/addons/XPIProvider.jsm -> jar:file:///usr/lib/firefox/browser/features/activity-stream@mozilla.org.xpi!/bootstrap.js:80 < shutdown()@resource://gre/modules/addons/XPIProvider.jsm -> jar:file:///usr/lib/firefox/browser/features/activity-stream@mozilla.org.xpi!/bootstrap.js:196 < callBootstrapMethod()@resource://gre/modules/addons/XPIProvider.jsm:4406 < observe()@resource://gre/modules/addons/XPIProvider.jsm:2270 < GeckoDriver.prototype.quit()@driver.js:3381 < despatch()@server.js:560 < execute()@server.js:534 < onPacket/<()@server.js:509 < onPacket()@server.js:508 < _onJSONObjectReady/<()@transport.js:500
[Child 6911, Chrome_ChildThread] WARNING: pipe error (23): Connection reset by peer: file /build/firefox-iXzMln/firefox-58.0+build6/ipc/chromium/src/chrome/common/ipc_channel_posix.cc, line 353
[Child 6911, Chrome_ChildThread] WARNING: pipe error (3): Connection reset by peer: file /build/firefox-iXzMln/firefox-58.0+build6/ipc/chromium/src/chrome/common/ipc_channel_posix.cc, line 353
1517393501014	geckodriver	INFO	geckodriver 0.19.1
1517393501016	geckodriver	INFO	Listening on 127.0.0.1:33543
1517393502102	mozrunner::runner	INFO	Running command: "/usr/bin/firefox" "-marionette" "-profile" "/tmp/rust_mozprofile.t9tNR4ClzDJB"
1517393502663	Marionette	INFO	Enabled via --marionette
1517393505237	Marionette	INFO	Listening on port 45395
1517393505314	Marionette	WARN	TLS certificate errors will be ignored for this session
[Child 7130, Chrome_ChildThread] WARNING: pipe error (3): Connection reset by peer: file /build/firefox-iXzMln/firefox-58.0+build6/ipc/chromium/src/chrome/common/ipc_channel_posix.cc, line 353
1517393644760	geckodriver	INFO	geckodriver 0.19.1
1517393644762	geckodriver	INFO	Listening on 127.0.0.1:58869
1517393645847	mozrunner::runner	INFO	Running command: "/usr/bin/firefox" "-marionette" "-profile" "/tmp/rust_mozprofile.p3mgkDnE8CTE"
1517393646530	Marionette	INFO	Enabled via --marionette
1517393649633	Marionette	INFO	Listening on port 46405
1517393649667	Marionette	WARN	TLS certificate errors will be ignored for this session
[Child 7443, Chrome_ChildThread] WARNING: pipe error (23): Connection reset by peer: file /build/firefox-iXzMln/firefox-58.0+build6/ipc/chromium/src/chrome/common/ipc_channel_posix.cc, line 353
[Child 7443, Chrome_ChildThread] WARNING: pipe error (3): Connection reset by peer: file /build/firefox-iXzMln/firefox-58.0+build6/ipc/chromium/src/chrome/common/ipc_channel_posix.cc, line 353
1517393678153	geckodriver	INFO	geckodriver 0.19.1
1517393678155	geckodriver	INFO	Listening on 127.0.0.1:59783
1517393679236	mozrunner::runner	INFO	Running command: "/usr/bin/firefox" "-marionette" "-profile" "/tmp/rust_mozprofile.G6nfIhkHmvTN"
1517393679905	Marionette	INFO	Enabled via --marionette
1517393682682	Marionette	INFO	Listening on port 38919
1517393682752	Marionette	WARN	TLS certificate errors will be ignored for this session
[Child 7659, Chrome_ChildThread] WARNING: pipe error (23): Connection reset by peer: file /build/firefox-iXzMln/firefox-58.0+build6/ipc/chromium/src/chrome/common/ipc_channel_posix.cc, line 353
[Child 7659, Chrome_ChildThread] WARNING: pipe error (3): Connection reset by peer: file /build/firefox-iXzMln/firefox-58.0+build6/ipc/chromium/src/chrome/common/ipc_channel_posix.cc, line 353
1517393918670	geckodriver	INFO	geckodriver 0.19.1
1517393918673	geckodriver	INFO	Listening on 127.0.0.1:43491
1517393919758	mozrunner::runner	INFO	Running command: "/usr/bin/firefox" "-marionette" "-profile" "/tmp/rust_mozprofile.4xUH1V5Ed174"
1517393921181	Marionette	INFO	Enabled via --marionette
1517393925166	Marionette	INFO	Listening on port 42897
1517393925183	Marionette	WARN	TLS certificate errors will be ignored for this session
[Child 7937, Chrome_ChildThread] WARNING: pipe error (3): Connection reset by peer: file /build/firefox-iXzMln/firefox-58.0+build6/ipc/chromium/src/chrome/common/ipc_channel_posix.cc, line 353
1517393936600	geckodriver	INFO	geckodriver 0.19.1
1517393936603	geckodriver	INFO	Listening on 127.0.0.1:51315
1517393937683	mozrunner::runner	INFO	Running command: "/usr/bin/firefox" "-marionette" "-profile" "/tmp/rust_mozprofile.FJkxBmYQsIma"
1517393938383	Marionette	INFO	Enabled via --marionette
1517393940509	Marionette	INFO	Listening on port 42965
1517393940612	Marionette	WARN	TLS certificate errors will be ignored for this session
[Child 8197, Chrome_ChildThread] WARNING: pipe error (21): Connection reset by peer: file /build/firefox-iXzMln/firefox-58.0+build6/ipc/chromium/src/chrome/common/ipc_channel_posix.cc, line 353
[Child 8197, Chrome_ChildThread] WARNING: pipe error (35): Connection reset by peer: file /build/firefox-iXzMln/firefox-58.0+build6/ipc/chromium/src/chrome/common/ipc_channel_posix.cc, line 353
[Child 8197, Chrome_ChildThread] WARNING: pipe error (3): Connection reset by peer: file /build/firefox-iXzMln/firefox-58.0+build6/ipc/chromium/src/chrome/common/ipc_channel_posix.cc, line 353
